<?xml version="1.0" encoding="UTF-8"?>
<testng-results ignored="0" total="7" passed="7" failed="0" skipped="0">
  <reporter-output>
  </reporter-output>
  <suite started-at="2021-06-22T19:18:47 IST" name="Default suite" finished-at="2021-06-22T19:20:35 IST" duration-ms="107461">
    <groups>
    </groups>
    <test started-at="2021-06-22T19:18:47 IST" name="Default test" finished-at="2021-06-22T19:20:35 IST" duration-ms="107461">
      <class name="tests.LoginTest">
        <test-method is-config="true" signature="setUp()[pri:0, instance:tests.LoginTest@2af004b]" started-at="2021-06-22T19:18:48 IST" name="setUp" finished-at="2021-06-22T19:19:05 IST" duration-ms="17054" status="PASS">
          <reporter-output>
          </reporter-output>
        </test-method> <!-- setUp -->
        <test-method signature="loginPageTitleTest()[pri:1, instance:tests.LoginTest@2af004b]" started-at="2021-06-22T19:19:05 IST" name="loginPageTitleTest" finished-at="2021-06-22T19:19:05 IST" duration-ms="238" status="PASS">
          <reporter-output>
          </reporter-output>
        </test-method> <!-- loginPageTitleTest -->
        <test-method is-config="true" signature="tearDown()[pri:0, instance:tests.LoginTest@2af004b]" started-at="2021-06-22T19:19:05 IST" name="tearDown" finished-at="2021-06-22T19:19:06 IST" duration-ms="1570" status="PASS">
          <reporter-output>
          </reporter-output>
        </test-method> <!-- tearDown -->
        <test-method is-config="true" signature="setUp()[pri:0, instance:tests.LoginTest@2af004b]" started-at="2021-06-22T19:19:06 IST" name="setUp" finished-at="2021-06-22T19:19:22 IST" duration-ms="15701" status="PASS">
          <reporter-output>
          </reporter-output>
        </test-method> <!-- setUp -->
        <test-method signature="aulaslogoImageTest()[pri:2, instance:tests.LoginTest@2af004b]" started-at="2021-06-22T19:19:22 IST" name="aulaslogoImageTest" finished-at="2021-06-22T19:19:23 IST" duration-ms="573" status="PASS">
          <reporter-output>
          </reporter-output>
        </test-method> <!-- aulaslogoImageTest -->
        <test-method is-config="true" signature="tearDown()[pri:0, instance:tests.LoginTest@2af004b]" started-at="2021-06-22T19:19:23 IST" name="tearDown" finished-at="2021-06-22T19:19:24 IST" duration-ms="1048" status="PASS">
          <reporter-output>
          </reporter-output>
        </test-method> <!-- tearDown -->
        <test-method is-config="true" signature="setUp()[pri:0, instance:tests.LoginTest@2af004b]" started-at="2021-06-22T19:19:24 IST" name="setUp" finished-at="2021-06-22T19:19:35 IST" duration-ms="11058" status="PASS">
          <reporter-output>
          </reporter-output>
        </test-method> <!-- setUp -->
        <test-method signature="privacypolicyTest()[pri:3, instance:tests.LoginTest@2af004b]" started-at="2021-06-22T19:19:35 IST" name="privacypolicyTest" finished-at="2021-06-22T19:19:35 IST" duration-ms="534" status="PASS">
          <reporter-output>
          </reporter-output>
        </test-method> <!-- privacypolicyTest -->
        <test-method is-config="true" signature="tearDown()[pri:0, instance:tests.LoginTest@2af004b]" started-at="2021-06-22T19:19:35 IST" name="tearDown" finished-at="2021-06-22T19:19:37 IST" duration-ms="1420" status="PASS">
          <reporter-output>
          </reporter-output>
        </test-method> <!-- tearDown -->
        <test-method is-config="true" signature="setUp()[pri:0, instance:tests.LoginTest@2af004b]" started-at="2021-06-22T19:19:37 IST" name="setUp" finished-at="2021-06-22T19:19:48 IST" duration-ms="11669" status="PASS">
          <reporter-output>
          </reporter-output>
        </test-method> <!-- setUp -->
        <test-method signature="termsandconditionsTest()[pri:4, instance:tests.LoginTest@2af004b]" started-at="2021-06-22T19:19:48 IST" name="termsandconditionsTest" finished-at="2021-06-22T19:19:49 IST" duration-ms="623" status="PASS">
          <reporter-output>
          </reporter-output>
        </test-method> <!-- termsandconditionsTest -->
        <test-method is-config="true" signature="tearDown()[pri:0, instance:tests.LoginTest@2af004b]" started-at="2021-06-22T19:19:49 IST" name="tearDown" finished-at="2021-06-22T19:19:50 IST" duration-ms="1222" status="PASS">
          <reporter-output>
          </reporter-output>
        </test-method> <!-- tearDown -->
        <test-method is-config="true" signature="setUp()[pri:0, instance:tests.LoginTest@2af004b]" started-at="2021-06-22T19:19:50 IST" name="setUp" finished-at="2021-06-22T19:20:04 IST" duration-ms="13416" status="PASS">
          <reporter-output>
          </reporter-output>
        </test-method> <!-- setUp -->
        <test-method signature="SigninYourAccText()[pri:5, instance:tests.LoginTest@2af004b]" started-at="2021-06-22T19:20:04 IST" name="SigninYourAccText" finished-at="2021-06-22T19:20:04 IST" duration-ms="346" status="PASS">
          <reporter-output>
          </reporter-output>
        </test-method> <!-- SigninYourAccText -->
        <test-method is-config="true" signature="tearDown()[pri:0, instance:tests.LoginTest@2af004b]" started-at="2021-06-22T19:20:04 IST" name="tearDown" finished-at="2021-06-22T19:20:05 IST" duration-ms="1152" status="PASS">
          <reporter-output>
          </reporter-output>
        </test-method> <!-- tearDown -->
        <test-method is-config="true" signature="setUp()[pri:0, instance:tests.LoginTest@2af004b]" started-at="2021-06-22T19:20:05 IST" name="setUp" finished-at="2021-06-22T19:20:17 IST" duration-ms="11565" status="PASS">
          <reporter-output>
          </reporter-output>
        </test-method> <!-- setUp -->
        <test-method signature="loginTest()[pri:6, instance:tests.LoginTest@2af004b]" started-at="2021-06-22T19:20:17 IST" name="loginTest" finished-at="2021-06-22T19:20:18 IST" duration-ms="1529" status="PASS">
          <reporter-output>
          </reporter-output>
        </test-method> <!-- loginTest -->
        <test-method is-config="true" signature="tearDown()[pri:0, instance:tests.LoginTest@2af004b]" started-at="2021-06-22T19:20:18 IST" name="tearDown" finished-at="2021-06-22T19:20:19 IST" duration-ms="1151" status="PASS">
          <reporter-output>
          </reporter-output>
        </test-method> <!-- tearDown -->
        <test-method is-config="true" signature="setUp()[pri:0, instance:tests.LoginTest@2af004b]" started-at="2021-06-22T19:20:19 IST" name="setUp" finished-at="2021-06-22T19:20:33 IST" duration-ms="13638" status="PASS">
          <reporter-output>
          </reporter-output>
        </test-method> <!-- setUp -->
        <test-method signature="PhoneButton()[pri:7, instance:tests.LoginTest@2af004b]" started-at="2021-06-22T19:20:33 IST" name="PhoneButton" finished-at="2021-06-22T19:20:34 IST" duration-ms="699" status="PASS">
          <reporter-output>
          </reporter-output>
        </test-method> <!-- PhoneButton -->
        <test-method is-config="true" signature="tearDown()[pri:0, instance:tests.LoginTest@2af004b]" started-at="2021-06-22T19:20:34 IST" name="tearDown" finished-at="2021-06-22T19:20:35 IST" duration-ms="1180" status="PASS">
          <reporter-output>
          </reporter-output>
        </test-method> <!-- tearDown -->
      </class> <!-- tests.LoginTest -->
    </test> <!-- Default test -->
  </suite> <!-- Default suite -->
</testng-results>
