<?xml version="1.0" encoding="UTF-8"?>
<!-- Generated by org.testng.reporters.JUnitXMLReporter -->
<testsuite ignored="0" hostname="LAPTOP-7N09RMVM" failures="0" tests="7" name="Default test" time="107.461" errors="0" timestamp="2021-06-22T19:20:35 IST">
  <testcase classname="tests.LoginTest" name="loginPageTitleTest" time="0.238"/>
  <testcase classname="tests.LoginTest" name="aulaslogoImageTest" time="0.573"/>
  <testcase classname="tests.LoginTest" name="privacypolicyTest" time="0.534"/>
  <testcase classname="tests.LoginTest" name="termsandconditionsTest" time="0.623"/>
  <testcase classname="tests.LoginTest" name="SigninYourAccText" time="0.346"/>
  <testcase classname="tests.LoginTest" name="loginTest" time="1.529"/>
  <testcase classname="tests.LoginTest" name="PhoneButton" time="0.699"/>
</testsuite> <!-- Default test -->
